{"/Users/pawe/Documents/Sourcecode/Burda/sample-serverless/handler.js": {"path":"/Users/pawe/Documents/Sourcecode/Burda/sample-serverless/handler.js","statementMap":{"0":{"start":{"line":4,"column":0},"end":{"line":7,"column":2}},"1":{"start":{"line":4,"column":47},"end":{"line":7,"column":1}}},"fnMap":{"0":{"name":"(anonymous_0)","decl":{"start":{"line":4,"column":23},"end":{"line":4,"column":24}},"loc":{"start":{"line":4,"column":47},"end":{"line":7,"column":1}},"line":4}},"branchMap":{},"s":{"0":1,"1":1},"f":{"0":1},"b":{},"_coverageSchema":"332fd63041d2c1bcb487cc26dd0d5f7d97098a6c","hash":"8252bb45cb6e8529f7eb1d37fc5d95d9eb10c7c9"}
}
